20:01:12.974 INFO  TestClasses.BaseClass -Getting the base URL from Config File
20:01:47.219 INFO  TestClasses.BaseClass -Opening the base URL
20:01:52.344 INFO  TestClasses.BaseClass -Clicked on the flights tab
20:01:53.536 INFO  TestClasses.BaseClass -clicked Round trip radio button
20:01:55.616 INFO  TestClasses.BaseClass -Entered Origin City
20:01:56.379 INFO  TestClasses.BaseClass -Entered Destination City
20:01:56.958 INFO  TestClasses.BaseClass -Entered Departure date
20:01:57.631 INFO  TestClasses.BaseClass -Entered return Date
20:01:58.090 INFO  TestClasses.BaseClass -Clicked on Search Flights button
20:07:43.556 INFO  TestClasses.BaseClass -Getting the base URL from Config File
20:09:22.040 INFO  TestClasses.BaseClass -Opening the base URL
20:09:24.444 INFO  TestClasses.BaseClass -Clicked on the flights tab
20:09:25.123 INFO  TestClasses.BaseClass -clicked Round trip radio button
20:09:25.733 INFO  TestClasses.BaseClass -Entered Origin City
20:09:26.308 INFO  TestClasses.BaseClass -Entered Destination City
20:09:26.905 INFO  TestClasses.BaseClass -Entered Departure date
20:09:27.485 INFO  TestClasses.BaseClass -Entered return Date
20:09:27.982 INFO  TestClasses.BaseClass -Clicked on Search Flights button
20:12:15.921 INFO  TestClasses.BaseClass -Getting the base URL from Config File
20:14:05.981 INFO  TestClasses.BaseClass -Opening the base URL
20:14:06.775 INFO  TestClasses.BaseClass -Clicked on the flights tab
20:14:07.576 INFO  TestClasses.BaseClass -clicked Round trip radio button
20:14:08.295 INFO  TestClasses.BaseClass -Entered Origin City
20:14:08.926 INFO  TestClasses.BaseClass -Entered Destination City
20:14:09.426 INFO  TestClasses.BaseClass -Entered Departure date
20:14:10.014 INFO  TestClasses.BaseClass -Entered return Date
20:14:10.578 INFO  TestClasses.BaseClass -Clicked on Search Flights button
20:17:20.509 INFO  TestClasses.BaseClass -Getting the base URL from Config File
20:19:23.163 INFO  TestClasses.BaseClass -Opening the base URL
20:19:23.697 INFO  TestClasses.BaseClass -Clicked on the flights tab
20:19:24.033 INFO  TestClasses.BaseClass -clicked Round trip radio button
20:19:25.091 INFO  TestClasses.BaseClass -Entered Origin City
20:19:25.638 INFO  TestClasses.BaseClass -Entered Destination City
20:19:26.100 INFO  TestClasses.BaseClass -Entered Departure date
20:19:26.666 INFO  TestClasses.BaseClass -Entered return Date
20:19:27.172 INFO  TestClasses.BaseClass -Clicked on Search Flights button
