00:00:41.645 INFO  TestClasses.BaseClass -Opening the base URL
00:00:43.333 INFO  TestClasses.BaseClass -Clicked on the flights tab
00:00:43.987 INFO  TestClasses.BaseClass -clicked Round trip radio button
00:00:44.856 INFO  TestClasses.BaseClass -Entered Origin City
00:00:45.573 INFO  TestClasses.BaseClass -Entered Destination City
00:00:46.267 INFO  TestClasses.BaseClass -Entered Departure date
00:00:47.047 INFO  TestClasses.BaseClass -Entered return Date
00:01:16.725 INFO  TestClasses.BaseClass -Clicked on Search Flights button
00:01:22.386 INFO  TestClasses.BaseClass -Getting the base URL from Config File
00:02:34.322 INFO  TestClasses.BaseClass -Opening the base URL
00:02:36.209 INFO  TestClasses.BaseClass -Clicked on the flights tab
00:02:36.390 INFO  TestClasses.BaseClass -clicked Round trip radio button
00:02:37.617 INFO  TestClasses.BaseClass -Entered Origin City
00:02:38.320 INFO  TestClasses.BaseClass -Entered Destination City
00:02:38.964 INFO  TestClasses.BaseClass -Entered Departure date
00:02:40.190 INFO  TestClasses.BaseClass -Entered return Date
00:02:51.333 INFO  TestClasses.BaseClass -Clicked on Search Flights button
00:24:35.756 INFO  TestClasses.BaseClass -Getting the base URL from Config File
00:24:49.580 INFO  TestClasses.BaseClass -Opening the base URL
00:24:51.785 INFO  TestClasses.BaseClass -Clicked on the flights tab
00:24:53.137 INFO  TestClasses.BaseClass -clicked Round trip radio button
00:24:54.547 INFO  TestClasses.BaseClass -Entered Origin City
00:24:55.629 INFO  TestClasses.BaseClass -Entered Destination City
00:24:56.474 INFO  TestClasses.BaseClass -Entered Departure date
00:24:57.300 INFO  TestClasses.BaseClass -Entered return Date
00:24:58.042 INFO  TestClasses.BaseClass -Clicked on Search Flights button
