23:19:41.294 INFO  TestClasses.BaseClass -Getting the base URL from Config File
23:21:39.590 INFO  TestClasses.BaseClass -Opening the base URL
23:21:41.447 INFO  TestClasses.BaseClass -Clicked on the flights tab
23:21:41.629 INFO  TestClasses.BaseClass -clicked Round trip radio button
23:21:42.850 INFO  TestClasses.BaseClass -Entered Origin City
23:21:43.439 INFO  TestClasses.BaseClass -Entered Destination City
23:21:44.021 INFO  TestClasses.BaseClass -Entered Departure date
23:21:44.757 INFO  TestClasses.BaseClass -Entered return Date
23:23:59.208 INFO  TestClasses.BaseClass -Clicked on Search Flights button
23:24:09.630 INFO  TestClasses.BaseClass -Getting the base URL from Config File
23:25:55.992 INFO  TestClasses.BaseClass -Opening the base URL
23:25:57.773 INFO  TestClasses.BaseClass -Clicked on the flights tab
23:25:58.033 INFO  TestClasses.BaseClass -clicked Round trip radio button
23:25:59.302 INFO  TestClasses.BaseClass -Entered Origin City
23:25:59.872 INFO  TestClasses.BaseClass -Entered Destination City
23:26:00.378 INFO  TestClasses.BaseClass -Entered Departure date
23:26:00.956 INFO  TestClasses.BaseClass -Entered return Date
23:26:47.140 INFO  TestClasses.BaseClass -Clicked on Search Flights button
23:26:55.291 INFO  TestClasses.BaseClass -Getting the base URL from Config File
23:27:34.297 INFO  TestClasses.BaseClass -Opening the base URL
23:27:36.030 INFO  TestClasses.BaseClass -Clicked on the flights tab
23:27:36.209 INFO  TestClasses.BaseClass -clicked Round trip radio button
23:27:37.956 INFO  TestClasses.BaseClass -Entered Origin City
23:27:38.667 INFO  TestClasses.BaseClass -Entered Destination City
23:27:39.346 INFO  TestClasses.BaseClass -Entered Departure date
23:27:39.994 INFO  TestClasses.BaseClass -Entered return Date
23:28:09.476 INFO  TestClasses.BaseClass -Clicked on Search Flights button
23:28:16.338 INFO  TestClasses.BaseClass -Getting the base URL from Config File
23:28:56.892 INFO  TestClasses.BaseClass -Opening the base URL
23:28:58.584 INFO  TestClasses.BaseClass -Clicked on the flights tab
23:28:58.860 INFO  TestClasses.BaseClass -clicked Round trip radio button
23:29:00.229 INFO  TestClasses.BaseClass -Entered Origin City
23:29:00.954 INFO  TestClasses.BaseClass -Entered Destination City
23:29:01.739 INFO  TestClasses.BaseClass -Entered Departure date
23:29:02.352 INFO  TestClasses.BaseClass -Entered return Date
23:29:06.690 INFO  TestClasses.BaseClass -Clicked on Search Flights button
23:29:16.652 INFO  TestClasses.BaseClass -Getting the base URL from Config File
23:29:59.585 INFO  TestClasses.BaseClass -Opening the base URL
23:30:02.675 INFO  TestClasses.BaseClass -Clicked on the flights tab
23:30:03.648 INFO  TestClasses.BaseClass -clicked Round trip radio button
23:30:04.544 INFO  TestClasses.BaseClass -Entered Origin City
23:30:05.729 INFO  TestClasses.BaseClass -Entered Destination City
23:30:07.013 INFO  TestClasses.BaseClass -Entered Departure date
23:30:07.845 INFO  TestClasses.BaseClass -Entered return Date
23:30:19.338 INFO  TestClasses.BaseClass -Clicked on Search Flights button
23:34:52.169 INFO  TestClasses.BaseClass -Getting the base URL from Config File
23:35:49.115 INFO  TestClasses.BaseClass -Opening the base URL
23:35:51.258 INFO  TestClasses.BaseClass -Clicked on the flights tab
23:35:51.837 INFO  TestClasses.BaseClass -clicked Round trip radio button
23:35:53.149 INFO  TestClasses.BaseClass -Entered Origin City
23:35:54.173 INFO  TestClasses.BaseClass -Entered Destination City
23:35:55.131 INFO  TestClasses.BaseClass -Entered Departure date
23:35:55.999 INFO  TestClasses.BaseClass -Entered return Date
23:36:16.248 INFO  TestClasses.BaseClass -Clicked on Search Flights button
23:36:27.763 INFO  TestClasses.BaseClass -Getting the base URL from Config File
23:37:39.818 INFO  TestClasses.BaseClass -Opening the base URL
23:37:41.921 INFO  TestClasses.BaseClass -Clicked on the flights tab
23:37:42.839 INFO  TestClasses.BaseClass -clicked Round trip radio button
23:37:43.844 INFO  TestClasses.BaseClass -Entered Origin City
23:37:44.920 INFO  TestClasses.BaseClass -Entered Destination City
23:37:45.794 INFO  TestClasses.BaseClass -Entered Departure date
23:37:46.683 INFO  TestClasses.BaseClass -Entered return Date
23:38:15.582 INFO  TestClasses.BaseClass -Clicked on Search Flights button
23:38:23.132 INFO  TestClasses.BaseClass -Getting the base URL from Config File
23:39:21.561 INFO  TestClasses.BaseClass -Opening the base URL
23:39:23.612 INFO  TestClasses.BaseClass -Clicked on the flights tab
23:39:24.676 INFO  TestClasses.BaseClass -clicked Round trip radio button
23:39:25.816 INFO  TestClasses.BaseClass -Entered Origin City
23:39:26.972 INFO  TestClasses.BaseClass -Entered Destination City
23:39:27.840 INFO  TestClasses.BaseClass -Entered Departure date
23:39:28.768 INFO  TestClasses.BaseClass -Entered return Date
23:39:58.938 INFO  TestClasses.BaseClass -Clicked on Search Flights button
23:40:05.851 INFO  TestClasses.BaseClass -Getting the base URL from Config File
23:41:25.105 INFO  TestClasses.BaseClass -Opening the base URL
23:41:26.939 INFO  TestClasses.BaseClass -Clicked on the flights tab
23:41:27.471 INFO  TestClasses.BaseClass -clicked Round trip radio button
23:41:28.652 INFO  TestClasses.BaseClass -Entered Origin City
23:41:29.575 INFO  TestClasses.BaseClass -Entered Destination City
23:41:30.455 INFO  TestClasses.BaseClass -Entered Departure date
23:41:31.295 INFO  TestClasses.BaseClass -Entered return Date
23:41:50.097 INFO  TestClasses.BaseClass -Clicked on Search Flights button
23:41:57.631 INFO  TestClasses.BaseClass -Getting the base URL from Config File
23:42:47.859 INFO  TestClasses.BaseClass -Opening the base URL
23:42:49.754 INFO  TestClasses.BaseClass -Clicked on the flights tab
23:42:49.970 INFO  TestClasses.BaseClass -clicked Round trip radio button
23:42:51.535 INFO  TestClasses.BaseClass -Entered Origin City
23:42:52.383 INFO  TestClasses.BaseClass -Entered Destination City
23:42:53.302 INFO  TestClasses.BaseClass -Entered Departure date
23:42:54.167 INFO  TestClasses.BaseClass -Entered return Date
23:43:12.333 INFO  TestClasses.BaseClass -Clicked on Search Flights button
