13:24:17.033 INFO  TestClasses.BaseClass -Getting the base URL from Config File
13:25:01.188 INFO  TestClasses.BaseClass -Opening the base URL
13:25:04.919 INFO  TestClasses.BaseClass -Clicked on the flights tab
13:25:05.302 INFO  TestClasses.BaseClass -clicked Round trip radio button
13:25:07.562 INFO  TestClasses.BaseClass -Entered Origin City
13:25:08.926 INFO  TestClasses.BaseClass -Entered Destination City
13:25:09.686 INFO  TestClasses.BaseClass -Entered Departure date
13:25:10.328 INFO  TestClasses.BaseClass -Entered return Date
13:25:10.972 INFO  TestClasses.BaseClass -Clicked on Search Flights button
13:36:42.659 INFO  TestClasses.BaseClass -Getting the base URL from Config File
13:37:04.381 INFO  TestClasses.BaseClass -Opening the base URL
13:37:06.334 INFO  TestClasses.BaseClass -Clicked on the flights tab
13:37:06.567 INFO  TestClasses.BaseClass -clicked Round trip radio button
13:37:07.902 INFO  TestClasses.BaseClass -Entered Origin City
13:37:08.519 INFO  TestClasses.BaseClass -Entered Destination City
13:37:09.076 INFO  TestClasses.BaseClass -Entered Departure date
13:37:09.797 INFO  TestClasses.BaseClass -Entered return Date
13:37:18.602 INFO  TestClasses.BaseClass -Clicked on Search Flights button
13:46:49.469 INFO  TestClasses.BaseClass -Getting the base URL from Config File
13:48:26.517 INFO  TestClasses.BaseClass -Opening the base URL
13:48:28.393 INFO  TestClasses.BaseClass -Clicked on the flights tab
13:48:28.565 INFO  TestClasses.BaseClass -clicked Round trip radio button
13:48:29.858 INFO  TestClasses.BaseClass -Entered Origin City
13:48:30.511 INFO  TestClasses.BaseClass -Entered Destination City
13:48:31.144 INFO  TestClasses.BaseClass -Entered Departure date
13:48:31.757 INFO  TestClasses.BaseClass -Entered return Date
13:49:54.240 INFO  TestClasses.BaseClass -Clicked on Search Flights button
13:50:04.906 INFO  TestClasses.BaseClass -Getting the base URL from Config File
13:51:24.196 INFO  TestClasses.BaseClass -Opening the base URL
13:51:25.922 INFO  TestClasses.BaseClass -Clicked on the flights tab
13:51:26.110 INFO  TestClasses.BaseClass -clicked Round trip radio button
13:51:27.300 INFO  TestClasses.BaseClass -Entered Origin City
13:51:27.844 INFO  TestClasses.BaseClass -Entered Destination City
13:51:28.400 INFO  TestClasses.BaseClass -Entered Departure date
13:51:29.081 INFO  TestClasses.BaseClass -Entered return Date
13:52:33.341 INFO  TestClasses.BaseClass -Clicked on Search Flights button
13:52:40.392 INFO  TestClasses.BaseClass -Getting the base URL from Config File
13:53:31.952 INFO  TestClasses.BaseClass -Opening the base URL
13:53:33.657 INFO  TestClasses.BaseClass -Clicked on the flights tab
13:53:33.881 INFO  TestClasses.BaseClass -clicked Round trip radio button
13:53:35.100 INFO  TestClasses.BaseClass -Entered Origin City
13:53:35.945 INFO  TestClasses.BaseClass -Entered Destination City
13:53:36.787 INFO  TestClasses.BaseClass -Entered Departure date
13:53:37.391 INFO  TestClasses.BaseClass -Entered return Date
13:53:46.193 INFO  TestClasses.BaseClass -Clicked on Search Flights button
13:53:55.467 INFO  TestClasses.BaseClass -Getting the base URL from Config File
13:54:17.253 INFO  TestClasses.BaseClass -Opening the base URL
13:54:19.007 INFO  TestClasses.BaseClass -Clicked on the flights tab
13:54:19.302 INFO  TestClasses.BaseClass -clicked Round trip radio button
13:54:20.534 INFO  TestClasses.BaseClass -Entered Origin City
13:54:21.161 INFO  TestClasses.BaseClass -Entered Destination City
13:54:21.705 INFO  TestClasses.BaseClass -Entered Departure date
13:54:22.476 INFO  TestClasses.BaseClass -Entered return Date
13:55:09.278 INFO  TestClasses.BaseClass -Clicked on Search Flights button
13:55:17.643 INFO  TestClasses.BaseClass -Getting the base URL from Config File
13:55:35.179 INFO  TestClasses.BaseClass -Opening the base URL
13:55:37.362 INFO  TestClasses.BaseClass -Clicked on the flights tab
13:55:38.427 INFO  TestClasses.BaseClass -clicked Round trip radio button
13:55:39.241 INFO  TestClasses.BaseClass -Entered Origin City
13:55:40.323 INFO  TestClasses.BaseClass -Entered Destination City
13:55:41.266 INFO  TestClasses.BaseClass -Entered Departure date
13:55:42.096 INFO  TestClasses.BaseClass -Entered return Date
13:55:48.958 INFO  TestClasses.BaseClass -Clicked on Search Flights button
