23:55:56.103 INFO  TestClasses.BaseClass -Getting the base URL from Config File
23:56:50.793 INFO  TestClasses.BaseClass -Opening the base URL
23:56:52.583 INFO  TestClasses.BaseClass -Clicked on the flights tab
23:56:52.769 INFO  TestClasses.BaseClass -clicked Round trip radio button
23:56:53.921 INFO  TestClasses.BaseClass -Entered Origin City
23:56:54.504 INFO  TestClasses.BaseClass -Entered Destination City
23:56:54.983 INFO  TestClasses.BaseClass -Entered Departure date
23:56:55.586 INFO  TestClasses.BaseClass -Entered return Date
23:56:56.095 INFO  TestClasses.BaseClass -Clicked on Search Flights button
23:57:08.469 INFO  TestClasses.BaseClass -Getting the base URL from Config File
23:57:44.472 INFO  TestClasses.BaseClass -Opening the base URL
23:57:46.204 INFO  TestClasses.BaseClass -Clicked on the flights tab
23:57:46.373 INFO  TestClasses.BaseClass -clicked Round trip radio button
23:57:47.670 INFO  TestClasses.BaseClass -Entered Origin City
23:57:48.340 INFO  TestClasses.BaseClass -Entered Destination City
23:57:48.836 INFO  TestClasses.BaseClass -Entered Departure date
23:57:49.449 INFO  TestClasses.BaseClass -Entered return Date
23:57:50.042 INFO  TestClasses.BaseClass -Clicked on Search Flights button
23:57:56.274 INFO  TestClasses.BaseClass -Getting the base URL from Config File
23:59:27.720 INFO  TestClasses.BaseClass -Opening the base URL
23:59:29.393 INFO  TestClasses.BaseClass -Clicked on the flights tab
23:59:29.557 INFO  TestClasses.BaseClass -clicked Round trip radio button
23:59:30.730 INFO  TestClasses.BaseClass -Entered Origin City
23:59:31.363 INFO  TestClasses.BaseClass -Entered Destination City
23:59:31.858 INFO  TestClasses.BaseClass -Entered Departure date
23:59:32.462 INFO  TestClasses.BaseClass -Entered return Date
23:59:40.361 INFO  TestClasses.BaseClass -Clicked on Search Flights button
23:59:46.575 INFO  TestClasses.BaseClass -Getting the base URL from Config File
