19:43:22.622 INFO  TestClasses.BaseClass -Getting the base URL from Config File
19:43:58.894 INFO  TestClasses.BaseClass -Opening the base URL
19:44:21.583 INFO  TestClasses.BaseClass -Getting the base URL from Config File
19:45:30.828 INFO  TestClasses.BaseClass -Opening the base URL
19:45:32.584 INFO  TestClasses.BaseClass -Clicked on the flights tab
19:45:32.746 INFO  TestClasses.BaseClass -clicked Round trip radio button
19:45:34.171 INFO  TestClasses.BaseClass -Entered Origin City
19:45:35.170 INFO  TestClasses.BaseClass -Entered Destination City
19:45:35.957 INFO  TestClasses.BaseClass -Entered Departure date
19:45:36.735 INFO  TestClasses.BaseClass -Entered return Date
19:45:37.225 INFO  TestClasses.BaseClass -Clicked on Search Flights button
19:45:43.461 INFO  TestClasses.BaseClass -Getting the base URL from Config File
19:46:30.238 INFO  TestClasses.BaseClass -Opening the base URL
19:46:31.950 INFO  TestClasses.BaseClass -Clicked on the flights tab
19:46:32.109 INFO  TestClasses.BaseClass -clicked Round trip radio button
19:46:33.376 INFO  TestClasses.BaseClass -Entered Origin City
19:46:33.996 INFO  TestClasses.BaseClass -Entered Destination City
19:46:34.489 INFO  TestClasses.BaseClass -Entered Departure date
19:46:35.044 INFO  TestClasses.BaseClass -Entered return Date
19:46:35.511 INFO  TestClasses.BaseClass -Clicked on Search Flights button
19:46:42.571 INFO  TestClasses.BaseClass -Getting the base URL from Config File
19:48:08.154 INFO  TestClasses.BaseClass -Opening the base URL
19:48:10.087 INFO  TestClasses.BaseClass -Clicked on the flights tab
19:48:10.291 INFO  TestClasses.BaseClass -clicked Round trip radio button
19:48:11.423 INFO  TestClasses.BaseClass -Entered Origin City
19:48:11.997 INFO  TestClasses.BaseClass -Entered Destination City
19:48:12.597 INFO  TestClasses.BaseClass -Entered Departure date
19:48:13.215 INFO  TestClasses.BaseClass -Entered return Date
19:48:13.690 INFO  TestClasses.BaseClass -Clicked on Search Flights button
19:48:19.974 INFO  TestClasses.BaseClass -Getting the base URL from Config File
19:49:01.076 INFO  TestClasses.BaseClass -Opening the base URL
19:49:02.846 INFO  TestClasses.BaseClass -Clicked on the flights tab
19:49:03.085 INFO  TestClasses.BaseClass -clicked Round trip radio button
19:49:04.612 INFO  TestClasses.BaseClass -Entered Origin City
19:49:05.252 INFO  TestClasses.BaseClass -Entered Destination City
19:49:05.763 INFO  TestClasses.BaseClass -Entered Departure date
19:49:06.413 INFO  TestClasses.BaseClass -Entered return Date
19:49:18.845 INFO  TestClasses.BaseClass -Clicked on Search Flights button
