00:24:38.606 INFO  TestClasses.BaseClass -Getting the base URL from Config File
00:25:05.688 INFO  TestClasses.BaseClass -Opening the base URL
00:25:13.409 INFO  TestClasses.BaseClass -Clicked on the flights tab
00:25:14.008 INFO  TestClasses.BaseClass -clicked Round trip radio button
00:25:15.775 INFO  TestClasses.BaseClass -Entered Origin City
00:25:16.696 INFO  TestClasses.BaseClass -Entered Destination City
00:25:17.456 INFO  TestClasses.BaseClass -Entered Departure date
00:25:18.507 INFO  TestClasses.BaseClass -Entered return Date
00:25:26.046 INFO  TestClasses.BaseClass -Clicked on Search Flights button
22:18:35.857 INFO  TestClasses.BaseClass -Getting the base URL from Config File
22:19:07.837 INFO  TestClasses.BaseClass -Opening the base URL
22:19:09.965 INFO  TestClasses.BaseClass -Clicked on the flights tab
22:19:10.212 INFO  TestClasses.BaseClass -clicked Round trip radio button
22:19:11.370 INFO  TestClasses.BaseClass -Entered Origin City
22:19:12.197 INFO  TestClasses.BaseClass -Entered Destination City
22:19:12.797 INFO  TestClasses.BaseClass -Entered Departure date
22:19:13.439 INFO  TestClasses.BaseClass -Entered return Date
22:19:18.425 INFO  TestClasses.BaseClass -Clicked on Search Flights button
23:04:06.602 INFO  TestClasses.BaseClass -Getting the base URL from Config File
23:04:20.593 INFO  TestClasses.BaseClass -Opening the base URL
23:04:22.296 INFO  TestClasses.BaseClass -Clicked on the flights tab
23:04:22.456 INFO  TestClasses.BaseClass -clicked Round trip radio button
23:04:23.559 INFO  TestClasses.BaseClass -Entered Origin City
23:04:24.248 INFO  TestClasses.BaseClass -Entered Destination City
23:04:24.843 INFO  TestClasses.BaseClass -Entered Departure date
23:04:25.408 INFO  TestClasses.BaseClass -Entered return Date
23:04:29.258 INFO  TestClasses.BaseClass -Clicked on Search Flights button
23:08:38.905 INFO  TestClasses.BaseClass -Getting the base URL from Config File
23:08:50.475 INFO  TestClasses.BaseClass -Opening the base URL
23:08:52.483 INFO  TestClasses.BaseClass -Clicked on the flights tab
23:08:53.369 INFO  TestClasses.BaseClass -clicked Round trip radio button
23:08:54.476 INFO  TestClasses.BaseClass -Entered Origin City
23:08:55.088 INFO  TestClasses.BaseClass -Entered Destination City
23:08:55.564 INFO  TestClasses.BaseClass -Entered Departure date
23:08:56.205 INFO  TestClasses.BaseClass -Entered return Date
23:09:15.619 INFO  TestClasses.BaseClass -Clicked on Search Flights button
23:40:39.246 INFO  TestClasses.BaseClass -Getting the base URL from Config File
23:41:01.165 INFO  TestClasses.BaseClass -Opening the base URL
23:41:04.028 INFO  TestClasses.BaseClass -Clicked on the flights tab
23:41:04.393 INFO  TestClasses.BaseClass -clicked Round trip radio button
23:41:05.844 INFO  TestClasses.BaseClass -Entered Origin City
23:41:06.664 INFO  TestClasses.BaseClass -Entered Destination City
23:41:07.537 INFO  TestClasses.BaseClass -Entered Departure date
23:41:08.464 INFO  TestClasses.BaseClass -Entered return Date
23:41:12.604 INFO  TestClasses.BaseClass -Clicked on Search Flights button
23:41:29.369 INFO  TestClasses.BaseClass -Getting the base URL from Config File
23:41:43.834 INFO  TestClasses.BaseClass -Opening the base URL
23:41:45.960 INFO  TestClasses.BaseClass -Clicked on the flights tab
23:41:46.975 INFO  TestClasses.BaseClass -clicked Round trip radio button
23:41:47.794 INFO  TestClasses.BaseClass -Entered Origin City
23:41:48.567 INFO  TestClasses.BaseClass -Entered Destination City
23:41:49.312 INFO  TestClasses.BaseClass -Entered Departure date
23:41:50.208 INFO  TestClasses.BaseClass -Entered return Date
23:42:28.145 INFO  TestClasses.BaseClass -Clicked on Search Flights button
23:42:37.114 INFO  TestClasses.BaseClass -Getting the base URL from Config File
23:43:40.203 INFO  TestClasses.BaseClass -Opening the base URL
23:43:41.808 INFO  TestClasses.BaseClass -Clicked on the flights tab
23:43:41.985 INFO  TestClasses.BaseClass -clicked Round trip radio button
23:43:43.178 INFO  TestClasses.BaseClass -Entered Origin City
23:43:43.828 INFO  TestClasses.BaseClass -Entered Destination City
23:43:44.358 INFO  TestClasses.BaseClass -Entered Departure date
23:43:45.263 INFO  TestClasses.BaseClass -Entered return Date
23:43:54.926 INFO  TestClasses.BaseClass -Clicked on Search Flights button
23:44:02.123 INFO  TestClasses.BaseClass -Getting the base URL from Config File
23:44:41.414 INFO  TestClasses.BaseClass -Opening the base URL
23:44:43.078 INFO  TestClasses.BaseClass -Clicked on the flights tab
23:44:43.300 INFO  TestClasses.BaseClass -clicked Round trip radio button
23:44:44.414 INFO  TestClasses.BaseClass -Entered Origin City
23:44:44.986 INFO  TestClasses.BaseClass -Entered Destination City
23:44:45.593 INFO  TestClasses.BaseClass -Entered Departure date
23:44:46.276 INFO  TestClasses.BaseClass -Entered return Date
23:44:56.093 INFO  TestClasses.BaseClass -Clicked on Search Flights button
23:45:03.901 INFO  TestClasses.BaseClass -Getting the base URL from Config File
23:45:13.086 INFO  TestClasses.BaseClass -Opening the base URL
23:45:15.239 INFO  TestClasses.BaseClass -Clicked on the flights tab
23:45:15.872 INFO  TestClasses.BaseClass -clicked Round trip radio button
23:45:17.153 INFO  TestClasses.BaseClass -Entered Origin City
23:45:18.164 INFO  TestClasses.BaseClass -Entered Destination City
23:45:18.868 INFO  TestClasses.BaseClass -Entered Departure date
23:45:19.779 INFO  TestClasses.BaseClass -Entered return Date
23:45:24.344 INFO  TestClasses.BaseClass -Clicked on Search Flights button
23:47:56.558 INFO  TestClasses.BaseClass -Getting the base URL from Config File
23:48:09.192 INFO  TestClasses.BaseClass -Opening the base URL
23:48:11.211 INFO  TestClasses.BaseClass -Clicked on the flights tab
23:48:11.805 INFO  TestClasses.BaseClass -clicked Round trip radio button
23:48:13.217 INFO  TestClasses.BaseClass -Entered Origin City
23:48:14.295 INFO  TestClasses.BaseClass -Entered Destination City
23:48:15.217 INFO  TestClasses.BaseClass -Entered Departure date
23:48:16.097 INFO  TestClasses.BaseClass -Entered return Date
23:48:23.749 INFO  TestClasses.BaseClass -Clicked on Search Flights button
