01:33:36.286 INFO  TestClasses.BaseClass -Getting the base URL from Config File
01:33:47.813 INFO  TestClasses.BaseClass -Opening the base URL
01:33:50.089 INFO  TestClasses.BaseClass -Clicked on the flights tab
01:33:51.171 INFO  TestClasses.BaseClass -clicked Round trip radio button
01:33:52.213 INFO  TestClasses.BaseClass -Entered Origin City
01:33:53.343 INFO  TestClasses.BaseClass -Entered Destination City
01:33:54.315 INFO  TestClasses.BaseClass -Entered Departure date
01:33:55.193 INFO  TestClasses.BaseClass -Entered return Date
01:34:06.544 INFO  TestClasses.BaseClass -Clicked on Search Flights button
01:37:13.059 INFO  TestClasses.BaseClass -Getting the base URL from Config File
01:37:28.760 INFO  TestClasses.BaseClass -Opening the base URL
01:37:32.077 INFO  TestClasses.BaseClass -Clicked on the flights tab
01:37:32.638 INFO  TestClasses.BaseClass -clicked Round trip radio button
01:37:33.643 INFO  TestClasses.BaseClass -Entered Origin City
01:37:34.598 INFO  TestClasses.BaseClass -Entered Destination City
01:37:35.463 INFO  TestClasses.BaseClass -Entered Departure date
01:37:36.369 INFO  TestClasses.BaseClass -Entered return Date
01:47:39.962 ERROR TestClasses.BaseClass -timeout
  (Session info: chrome=74.0.3729.131)
  (Driver info: chromedriver=71.0.3578.137 (86ee722808adfe9e3c92e6e8ea746ade08423c7e),platform=Windows NT 10.0.17134 x86_64) (WARNING: The server did not provide any stacktrace information)
Command duration or timeout: 0 milliseconds
Build info: version: '3.14.0', revision: 'aacccce0', time: '2018-08-02T20:19:58.91Z'
System info: host: 'DREAMWORKS', ip: '192.168.56.1', os.name: 'Windows 10', os.arch: 'amd64', os.version: '10.0', java.version: '1.8.0_112'
Driver info: org.openqa.selenium.chrome.ChromeDriver
Capabilities {acceptInsecureCerts: false, acceptSslCerts: false, applicationCacheEnabled: false, browserConnectionEnabled: false, browserName: chrome, chrome: {chromedriverVersion: 71.0.3578.137 (86ee722808ad..., userDataDir: C:\WINDOWS\TEMP\scoped_dir1...}, cssSelectorsEnabled: true, databaseEnabled: false, goog:chromeOptions: {debuggerAddress: localhost:61582}, handlesAlerts: true, hasTouchScreen: false, javascriptEnabled: true, locationContextEnabled: true, mobileEmulationEnabled: false, nativeEvents: true, networkConnectionEnabled: false, pageLoadStrategy: normal, platform: XP, platformName: XP, rotatable: false, setWindowRect: true, takesHeapSnapshot: true, takesScreenshot: true, unexpectedAlertBehaviour: , unhandledPromptBehavior: , version: 74.0.3729.131, webStorageEnabled: true}
Session ID: 236870df9f1380230b17600715627acb
