00:07:20.800 INFO  TestClasses.BaseClass -Getting the base URL from Config File
00:11:28.501 INFO  TestClasses.BaseClass -Getting the base URL from Config File
00:12:18.149 INFO  TestClasses.BaseClass -Opening the base URL
00:12:19.990 INFO  TestClasses.BaseClass -Clicked on the flights tab
00:12:20.183 INFO  TestClasses.BaseClass -clicked Round trip radio button
00:12:21.428 INFO  TestClasses.BaseClass -Entered Origin City
00:12:22.198 INFO  TestClasses.BaseClass -Entered Destination City
00:12:22.840 INFO  TestClasses.BaseClass -Entered Departure date
00:12:23.605 INFO  TestClasses.BaseClass -Entered return Date
00:12:52.621 INFO  TestClasses.BaseClass -Clicked on Search Flights button
00:13:46.380 INFO  TestClasses.BaseClass -Getting the base URL from Config File
00:14:29.615 INFO  TestClasses.BaseClass -Opening the base URL
00:14:31.685 INFO  TestClasses.BaseClass -Clicked on the flights tab
00:14:32.423 INFO  TestClasses.BaseClass -clicked Round trip radio button
00:14:33.690 INFO  TestClasses.BaseClass -Entered Origin City
00:14:34.763 INFO  TestClasses.BaseClass -Entered Destination City
00:14:35.709 INFO  TestClasses.BaseClass -Entered Departure date
00:14:36.625 INFO  TestClasses.BaseClass -Entered return Date
00:14:50.239 INFO  TestClasses.BaseClass -Clicked on Search Flights button
00:15:38.247 INFO  TestClasses.BaseClass -Getting the base URL from Config File
00:16:42.363 INFO  TestClasses.BaseClass -Opening the base URL
00:16:44.461 INFO  TestClasses.BaseClass -Clicked on the flights tab
00:16:45.367 INFO  TestClasses.BaseClass -clicked Round trip radio button
00:16:46.305 INFO  TestClasses.BaseClass -Entered Origin City
00:16:47.292 INFO  TestClasses.BaseClass -Entered Destination City
00:16:48.124 INFO  TestClasses.BaseClass -Entered Departure date
00:16:48.890 INFO  TestClasses.BaseClass -Entered return Date
00:17:05.098 INFO  TestClasses.BaseClass -Clicked on Search Flights button
